<?xml version="1.0" encoding="UTF-8"?>
<!-- Generated by org.testng.reporters.JUnitReportReporter -->
<testsuite hostname="RIGS" name="bookflight.BookFlight" tests="1" failures="0" timestamp="1 May 2020 09:36:17 GMT" time="10.997" errors="0">
  <testcase name="Book_flight01" time="10.997" classname="bookflight.BookFlight"/>
</testsuite> <!-- bookflight.BookFlight -->
