<?xml version="1.0" encoding="UTF-8"?>
<!-- Generated by org.testng.reporters.JUnitReportReporter -->
<testsuite hostname="RIGS" name="Signin.Signin" tests="1" failures="0" timestamp="1 May 2020 09:36:17 GMT" time="63.084" errors="0">
  <testcase name="signin_01" time="63.084" classname="Signin.Signin"/>
</testsuite> <!-- Signin.Signin -->
