<?xml version="1.0" encoding="UTF-8"?>
<!-- Generated by org.testng.reporters.JUnitReportReporter -->
<testsuite hostname="RIGS" name="flightconfirm.FlightConfirm" tests="1" failures="0" timestamp="1 May 2020 09:36:17 GMT" time="3.316" errors="0">
  <testcase name="confirm" time="3.316" classname="flightconfirm.FlightConfirm"/>
</testsuite> <!-- flightconfirm.FlightConfirm -->
