<?xml version="1.0" encoding="UTF-8"?>
<!-- Generated by org.testng.reporters.JUnitReportReporter -->
<testsuite hostname="RIGS" name="selectflight.SelectFlight" tests="1" failures="0" timestamp="1 May 2020 09:36:17 GMT" time="5.076" errors="0">
  <testcase name="Selectflight_01" time="5.076" classname="selectflight.SelectFlight"/>
</testsuite> <!-- selectflight.SelectFlight -->
