<?xml version="1.0" encoding="UTF-8"?>
<!-- Generated by org.testng.reporters.JUnitReportReporter -->
<testsuite hostname="RIGS" name="registration.Registration" tests="1" failures="0" timestamp="1 May 2020 09:36:17 GMT" time="50.490" errors="0">
  <testcase name="Registration_01" time="50.490" classname="registration.Registration"/>
</testsuite> <!-- registration.Registration -->
